[32m[Nest] 13844  - [39m29/05/2026, 10:57:29 [32m    LOG[39m [38;5;3m[NestFactory] [39m[32mStarting Nest application...[39m
[32m[Nest] 13844  - [39m29/05/2026, 10:57:29 [32m    LOG[39m [38;5;3m[InstanceLoader] [39m[32mPrismaModule dependencies initialized[39m[38;5;3m +17ms[39m
[32m[Nest] 13844  - [39m29/05/2026, 10:57:29 [32m    LOG[39m [38;5;3m[InstanceLoader] [39m[32mPassportModule dependencies initialized[39m[38;5;3m +2ms[39m
[32m[Nest] 13844  - [39m29/05/2026, 10:57:29 [32m    LOG[39m [38;5;3m[InstanceLoader] [39m[32mThrottlerModule dependencies initialized[39m[38;5;3m +4ms[39m
[32m[Nest] 13844  - [39m29/05/2026, 10:57:29 [32m    LOG[39m [38;5;3m[InstanceLoader] [39m[32mAppModule dependencies initialized[39m[38;5;3m +1ms[39m
[32m[Nest] 13844  - [39m29/05/2026, 10:57:29 [32m    LOG[39m [38;5;3m[InstanceLoader] [39m[32mConfigHostModule dependencies initialized[39m[38;5;3m +1ms[39m
[32m[Nest] 13844  - [39m29/05/2026, 10:57:29 [32m    LOG[39m [38;5;3m[InstanceLoader] [39m[32mServeStaticModule dependencies initialized[39m[38;5;3m +2ms[39m
[32m[Nest] 13844  - [39m29/05/2026, 10:57:29 [32m    LOG[39m [38;5;3m[InstanceLoader] [39m[32mConfigModule dependencies initialized[39m[38;5;3m +0ms[39m
[32m[Nest] 13844  - [39m29/05/2026, 10:57:29 [32m    LOG[39m [38;5;3m[InstanceLoader] [39m[32mConfigModule dependencies initialized[39m[38;5;3m +0ms[39m
[32m[Nest] 13844  - [39m29/05/2026, 10:57:29 [32m    LOG[39m [38;5;3m[InstanceLoader] [39m[32mJwtModule dependencies initialized[39m[38;5;3m +3ms[39m
[32m[Nest] 13844  - [39m29/05/2026, 10:57:29 [32m    LOG[39m [38;5;3m[InstanceLoader] [39m[32mAccessModule dependencies initialized[39m[38;5;3m +0ms[39m
[32m[Nest] 13844  - [39m29/05/2026, 10:57:29 [32m    LOG[39m [38;5;3m[InstanceLoader] [39m[32mCatalogModule dependencies initialized[39m[38;5;3m +0ms[39m
[32m[Nest] 13844  - [39m29/05/2026, 10:57:29 [32m    LOG[39m [38;5;3m[InstanceLoader] [39m[32mLocationsModule dependencies initialized[39m[38;5;3m +0ms[39m
[32m[Nest] 13844  - [39m29/05/2026, 10:57:29 [32m    LOG[39m [38;5;3m[InstanceLoader] [39m[32mSuppliersModule dependencies initialized[39m[38;5;3m +0ms[39m
[32m[Nest] 13844  - [39m29/05/2026, 10:57:29 [32m    LOG[39m [38;5;3m[InstanceLoader] [39m[32mAssetsModule dependencies initialized[39m[38;5;3m +0ms[39m
[32m[Nest] 13844  - [39m29/05/2026, 10:57:29 [32m    LOG[39m [38;5;3m[InstanceLoader] [39m[32mPurchasesModule dependencies initialized[39m[38;5;3m +1ms[39m
[32m[Nest] 13844  - [39m29/05/2026, 10:57:29 [32m    LOG[39m [38;5;3m[InstanceLoader] [39m[32mLabelsModule dependencies initialized[39m[38;5;3m +0ms[39m
[32m[Nest] 13844  - [39m29/05/2026, 10:57:29 [32m    LOG[39m [38;5;3m[InstanceLoader] [39m[32mFollowupsModule dependencies initialized[39m[38;5;3m +0ms[39m
[32m[Nest] 13844  - [39m29/05/2026, 10:57:29 [32m    LOG[39m [38;5;3m[InstanceLoader] [39m[32mScheduleModule dependencies initialized[39m[38;5;3m +0ms[39m
[32m[Nest] 13844  - [39m29/05/2026, 10:57:29 [32m    LOG[39m [38;5;3m[InstanceLoader] [39m[32mInventoryModule dependencies initialized[39m[38;5;3m +0ms[39m
[32m[Nest] 13844  - [39m29/05/2026, 10:57:29 [32m    LOG[39m [38;5;3m[InstanceLoader] [39m[32mProductExitsModule dependencies initialized[39m[38;5;3m +1ms[39m
[32m[Nest] 13844  - [39m29/05/2026, 10:57:29 [32m    LOG[39m [38;5;3m[InstanceLoader] [39m[32mMaintenanceModule dependencies initialized[39m[38;5;3m +0ms[39m
[32m[Nest] 13844  - [39m29/05/2026, 10:57:29 [32m    LOG[39m [38;5;3m[InstanceLoader] [39m[32mRegistrationModule dependencies initialized[39m[38;5;3m +0ms[39m
[32m[Nest] 13844  - [39m29/05/2026, 10:57:29 [32m    LOG[39m [38;5;3m[InstanceLoader] [39m[32mClientsModule dependencies initialized[39m[38;5;3m +1ms[39m
[32m[Nest] 13844  - [39m29/05/2026, 10:57:29 [32m    LOG[39m [38;5;3m[InstanceLoader] [39m[32mAuthModule dependencies initialized[39m[38;5;3m +0ms[39m
[32m[Nest] 13844  - [39m29/05/2026, 10:57:29 [32m    LOG[39m [38;5;3m[InstanceLoader] [39m[32mTicketsModule dependencies initialized[39m[38;5;3m +0ms[39m
[32m[Nest] 13844  - [39m29/05/2026, 10:57:30 [32m    LOG[39m [38;5;3m[RoutesResolver] [39m[32mAppController {/}:[39m[38;5;3m +16ms[39m
[32m[Nest] 13844  - [39m29/05/2026, 10:57:30 [32m    LOG[39m [38;5;3m[RouterExplorer] [39m[32mMapped {/health, GET} route[39m[38;5;3m +2ms[39m
[32m[Nest] 13844  - [39m29/05/2026, 10:57:30 [32m    LOG[39m [38;5;3m[RoutesResolver] [39m[32mAuthController {/auth}:[39m[38;5;3m +0ms[39m
[32m[Nest] 13844  - [39m29/05/2026, 10:57:30 [32m    LOG[39m [38;5;3m[RouterExplorer] [39m[32mMapped {/auth/login, POST} route[39m[38;5;3m +0ms[39m
[32m[Nest] 13844  - [39m29/05/2026, 10:57:30 [32m    LOG[39m [38;5;3m[RouterExplorer] [39m[32mMapped {/auth/refresh, POST} route[39m[38;5;3m +1ms[39m
[32m[Nest] 13844  - [39m29/05/2026, 10:57:30 [32m    LOG[39m [38;5;3m[RouterExplorer] [39m[32mMapped {/auth/logout, POST} route[39m[38;5;3m +0ms[39m
[32m[Nest] 13844  - [39m29/05/2026, 10:57:30 [32m    LOG[39m [38;5;3m[RouterExplorer] [39m[32mMapped {/auth/users, POST} route[39m[38;5;3m +0ms[39m
[32m[Nest] 13844  - [39m29/05/2026, 10:57:30 [32m    LOG[39m [38;5;3m[RouterExplorer] [39m[32mMapped {/auth/setup-pin, POST} route[39m[38;5;3m +1ms[39m
[32m[Nest] 13844  - [39m29/05/2026, 10:57:30 [32m    LOG[39m [38;5;3m[RouterExplorer] [39m[32mMapped {/auth/has-pin, GET} route[39m[38;5;3m +0ms[39m
[32m[Nest] 13844  - [39m29/05/2026, 10:57:30 [32m    LOG[39m [38;5;3m[RouterExplorer] [39m[32mMapped {/auth/users, GET} route[39m[38;5;3m +0ms[39m
[32m[Nest] 13844  - [39m29/05/2026, 10:57:30 [32m    LOG[39m [38;5;3m[RouterExplorer] [39m[32mMapped {/auth/users/:id, GET} route[39m[38;5;3m +0ms[39m
[32m[Nest] 13844  - [39m29/05/2026, 10:57:30 [32m    LOG[39m [38;5;3m[RouterExplorer] [39m[32mMapped {/auth/users/:id, PUT} route[39m[38;5;3m +1ms[39m
[32m[Nest] 13844  - [39m29/05/2026, 10:57:30 [32m    LOG[39m [38;5;3m[RouterExplorer] [39m[32mMapped {/auth/users/:id, DELETE} route[39m[38;5;3m +0ms[39m
[32m[Nest] 13844  - [39m29/05/2026, 10:57:30 [32m    LOG[39m [38;5;3m[RouterExplorer] [39m[32mMapped {/auth/me, GET} route[39m[38;5;3m +0ms[39m
[32m[Nest] 13844  - [39m29/05/2026, 10:57:30 [32m    LOG[39m [38;5;3m[RouterExplorer] [39m[32mMapped {/auth/me/profile, GET} route[39m[38;5;3m +1ms[39m
[32m[Nest] 13844  - [39m29/05/2026, 10:57:30 [32m    LOG[39m [38;5;3m[RouterExplorer] [39m[32mMapped {/auth/me/profile, PUT} route[39m[38;5;3m +0ms[39m
[32m[Nest] 13844  - [39m29/05/2026, 10:57:30 [32m    LOG[39m [38;5;3m[RouterExplorer] [39m[32mMapped {/auth/me/permissions, GET} route[39m[38;5;3m +0ms[39m
[32m[Nest] 13844  - [39m29/05/2026, 10:57:30 [32m    LOG[39m [38;5;3m[RouterExplorer] [39m[32mMapped {/auth/validate-pin, POST} route[39m[38;5;3m +0ms[39m
[32m[Nest] 13844  - [39m29/05/2026, 10:57:30 [32m    LOG[39m [38;5;3m[RouterExplorer] [39m[32mMapped {/auth/users/:id/reset-pin, POST} route[39m[38;5;3m +0ms[39m
[32m[Nest] 13844  - [39m29/05/2026, 10:57:30 [32m    LOG[39m [38;5;3m[RoutesResolver] [39m[32mAccessController {/access}:[39m[38;5;3m +1ms[39m
[32m[Nest] 13844  - [39m29/05/2026, 10:57:30 [32m    LOG[39m [38;5;3m[RouterExplorer] [39m[32mMapped {/access/roles, GET} route[39m[38;5;3m +0ms[39m
[32m[Nest] 13844  - [39m29/05/2026, 10:57:30 [32m    LOG[39m [38;5;3m[RouterExplorer] [39m[32mMapped {/access/roles/:id, GET} route[39m[38;5;3m +0ms[39m
[32m[Nest] 13844  - [39m29/05/2026, 10:57:30 [32m    LOG[39m [38;5;3m[RouterExplorer] [39m[32mMapped {/access/roles, POST} route[39m[38;5;3m +0ms[39m
[32m[Nest] 13844  - [39m29/05/2026, 10:57:30 [32m    LOG[39m [38;5;3m[RouterExplorer] [39m[32mMapped {/access/roles/:id, PUT} route[39m[38;5;3m +0ms[39m
[32m[Nest] 13844  - [39m29/05/2026, 10:57:30 [32m    LOG[39m [38;5;3m[RouterExplorer] [39m[32mMapped {/access/roles/:id, DELETE} route[39m[38;5;3m +1ms[39m
[32m[Nest] 13844  - [39m29/05/2026, 10:57:30 [32m    LOG[39m [38;5;3m[RouterExplorer] [39m[32mMapped {/access/permissions, GET} route[39m[38;5;3m +0ms[39m
[32m[Nest] 13844  - [39m29/05/2026, 10:57:30 [32m    LOG[39m [38;5;3m[RouterExplorer] [39m[32mMapped {/access/permissions, POST} route[39m[38;5;3m +0ms[39m
[32m[Nest] 13844  - [39m29/05/2026, 10:57:30 [32m    LOG[39m [38;5;3m[RouterExplorer] [39m[32mMapped {/access/permissions/:id, DELETE} route[39m[38;5;3m +0ms[39m
[32m[Nest] 13844  - [39m29/05/2026, 10:57:30 [32m    LOG[39m [38;5;3m[RouterExplorer] [39m[32mMapped {/access/roles/:id/permissions, POST} route[39m[38;5;3m +0ms[39m
[32m[Nest] 13844  - [39m29/05/2026, 10:57:30 [32m    LOG[39m [38;5;3m[RoutesResolver] [39m[32mCatalogController {/catalog}:[39m[38;5;3m +1ms[39m
[32m[Nest] 13844  - [39m29/05/2026, 10:57:30 [32m    LOG[39m [38;5;3m[RouterExplorer] [39m[32mMapped {/catalog/categories, GET} route[39m[38;5;3m +0ms[39m
[32m[Nest] 13844  - [39m29/05/2026, 10:57:30 [32m    LOG[39m [38;5;3m[RouterExplorer] [39m[32mMapped {/catalog/categories/:id, GET} route[39m[38;5;3m +0ms[39m
[32m[Nest] 13844  - [39m29/05/2026, 10:57:30 [32m    LOG[39m [38;5;3m[RouterExplorer] [39m[32mMapped {/catalog/categories, POST} route[39m[38;5;3m +0ms[39m
[32m[Nest] 13844  - [39m29/05/2026, 10:57:30 [32m    LOG[39m [38;5;3m[RouterExplorer] [39m[32mMapped {/catalog/categories/:id, PUT} route[39m[38;5;3m +0ms[39m
[32m[Nest] 13844  - [39m29/05/2026, 10:57:30 [32m    LOG[39m [38;5;3m[RouterExplorer] [39m[32mMapped {/catalog/categories/:id, DELETE} route[39m[38;5;3m +1ms[39m
[32m[Nest] 13844  - [39m29/05/2026, 10:57:30 [32m    LOG[39m [38;5;3m[RouterExplorer] [39m[32mMapped {/catalog/skus, GET} route[39m[38;5;3m +0ms[39m
[32m[Nest] 13844  - [39m29/05/2026, 10:57:30 [32m    LOG[39m [38;5;3m[RouterExplorer] [39m[32mMapped {/catalog/skus/:id, GET} route[39m[38;5;3m +0ms[39m
[32m[Nest] 13844  - [39m29/05/2026, 10:57:30 [32m    LOG[39m [38;5;3m[RouterExplorer] [39m[32mMapped {/catalog/skus, POST} route[39m[38;5;3m +0ms[39m
[32m[Nest] 13844  - [39m29/05/2026, 10:57:30 [32m    LOG[39m [38;5;3m[RouterExplorer] [39m[32mMapped {/catalog/skus/:id, PUT} route[39m[38;5;3m +1ms[39m
[32m[Nest] 13844  - [39m29/05/2026, 10:57:30 [32m    LOG[39m [38;5;3m[RouterExplorer] [39m[32mMapped {/catalog/skus/:id, DELETE} route[39m[38;5;3m +0ms[39m
[32m[Nest] 13844  - [39m29/05/2026, 10:57:30 [32m    LOG[39m [38;5;3m[RoutesResolver] [39m[32mLocationsController {/locations}:[39m[38;5;3m +0ms[39m
[32m[Nest] 13844  - [39m29/05/2026, 10:57:30 [32m    LOG[39m [38;5;3m[RouterExplorer] [39m[32mMapped {/locations, GET} route[39m[38;5;3m +0ms[39m
[32m[Nest] 13844  - [39m29/05/2026, 10:57:30 [32m    LOG[39m [38;5;3m[RouterExplorer] [39m[32mMapped {/locations/:id, GET} route[39m[38;5;3m +0ms[39m
[32m[Nest] 13844  - [39m29/05/2026, 10:57:30 [32m    LOG[39m [38;5;3m[RouterExplorer] [39m[32mMapped {/locations, POST} route[39m[38;5;3m +1ms[39m
[32m[Nest] 13844  - [39m29/05/2026, 10:57:30 [32m    LOG[39m [38;5;3m[RouterExplorer] [39m[32mMapped {/locations/:id, PUT} route[39m[38;5;3m +0ms[39m
[32m[Nest] 13844  - [39m29/05/2026, 10:57:30 [32m    LOG[39m [38;5;3m[RouterExplorer] [39m[32mMapped {/locations/:id, DELETE} route[39m[38;5;3m +0ms[39m
[32m[Nest] 13844  - [39m29/05/2026, 10:57:30 [32m    LOG[39m [38;5;3m[RoutesResolver] [39m[32mSuppliersController {/suppliers}:[39m[38;5;3m +0ms[39m
[32m[Nest] 13844  - [39m29/05/2026, 10:57:30 [32m    LOG[39m [38;5;3m[RouterExplorer] [39m[32mMapped {/suppliers, GET} route[39m[38;5;3m +0ms[39m
[32m[Nest] 13844  - [39m29/05/2026, 10:57:30 [32m    LOG[39m [38;5;3m[RouterExplorer] [39m[32mMapped {/suppliers/:id, GET} route[39m[38;5;3m +1ms[39m
[32m[Nest] 13844  - [39m29/05/2026, 10:57:30 [32m    LOG[39m [38;5;3m[RouterExplorer] [39m[32mMapped {/suppliers, POST} route[39m[38;5;3m +0ms[39m
[32m[Nest] 13844  - [39m29/05/2026, 10:57:30 [32m    LOG[39m [38;5;3m[RouterExplorer] [39m[32mMapped {/suppliers/:id, PUT} route[39m[38;5;3m +0ms[39m
[32m[Nest] 13844  - [39m29/05/2026, 10:57:30 [32m    LOG[39m [38;5;3m[RouterExplorer] [39m[32mMapped {/suppliers/:id, DELETE} route[39m[38;5;3m +0ms[39m
[32m[Nest] 13844  - [39m29/05/2026, 10:57:30 [32m    LOG[39m [38;5;3m[RoutesResolver] [39m[32mAssetsController {/assets}:[39m[38;5;3m +0ms[39m
[32m[Nest] 13844  - [39m29/05/2026, 10:57:30 [32m    LOG[39m [38;5;3m[RouterExplorer] [39m[32mMapped {/assets, GET} route[39m[38;5;3m +0ms[39m
[32m[Nest] 13844  - [39m29/05/2026, 10:57:30 [32m    LOG[39m [38;5;3m[RouterExplorer] [39m[32mMapped {/assets/summary, GET} route[39m[38;5;3m +1ms[39m
[32m[Nest] 13844  - [39m29/05/2026, 10:57:30 [32m    LOG[39m [38;5;3m[RouterExplorer] [39m[32mMapped {/assets/lookup/:assetCode, GET} route[39m[38;5;3m +0ms[39m
[32m[Nest] 13844  - [39m29/05/2026, 10:57:30 [32m    LOG[39m [38;5;3m[RouterExplorer] [39m[32mMapped {/assets/:id, GET} route[39m[38;5;3m +0ms[39m
[32m[Nest] 13844  - [39m29/05/2026, 10:57:30 [32m    LOG[39m [38;5;3m[RouterExplorer] [39m[32mMapped {/assets/:id/timeline, GET} route[39m[38;5;3m +0ms[39m
[32m[Nest] 13844  - [39m29/05/2026, 10:57:30 [32m    LOG[39m [38;5;3m[RouterExplorer] [39m[32mMapped {/assets/:id/events, POST} route[39m[38;5;3m +0ms[39m
[32m[Nest] 13844  - [39m29/05/2026, 10:57:30 [32m    LOG[39m [38;5;3m[RouterExplorer] [39m[32mMapped {/assets/bulk, POST} route[39m[38;5;3m +1ms[39m
[32m[Nest] 13844  - [39m29/05/2026, 10:57:30 [32m    LOG[39m [38;5;3m[RouterExplorer] [39m[32mMapped {/assets, POST} route[39m[38;5;3m +0ms[39m
[32m[Nest] 13844  - [39m29/05/2026, 10:57:30 [32m    LOG[39m [38;5;3m[RouterExplorer] [39m[32mMapped {/assets/:id/status, PUT} route[39m[38;5;3m +0ms[39m
[32m[Nest] 13844  - [39m29/05/2026, 10:57:30 [32m    LOG[39m [38;5;3m[RouterExplorer] [39m[32mMapped {/assets/:id/location, PUT} route[39m[38;5;3m +0ms[39m
[32m[Nest] 13844  - [39m29/05/2026, 10:57:30 [32m    LOG[39m [38;5;3m[RoutesResolver] [39m[32mInventoryController {/inventory}:[39m[38;5;3m +0ms[39m
[32m[Nest] 13844  - [39m29/05/2026, 10:57:30 [32m    LOG[39m [38;5;3m[RouterExplorer] [39m[32mMapped {/inventory/entry, POST} route[39m[38;5;3m +0ms[39m
[32m[Nest] 13844  - [39m29/05/2026, 10:57:30 [32m    LOG[39m [38;5;3m[RouterExplorer] [39m[32mMapped {/inventory/exit, POST} route[39m[38;5;3m +1ms[39m
[32m[Nest] 13844  - [39m29/05/2026, 10:57:30 [32m    LOG[39m [38;5;3m[RouterExplorer] [39m[32mMapped {/inventory/approvals/:id/approve, POST} route[39m[38;5;3m +0ms[39m
[32m[Nest] 13844  - [39m29/05/2026, 10:57:30 [32m    LOG[39m [38;5;3m[RouterExplorer] [39m[32mMapped {/inventory/approvals/:id/reject, POST} route[39m[38;5;3m +0ms[39m
[32m[Nest] 13844  - [39m29/05/2026, 10:57:30 [32m    LOG[39m [38;5;3m[RouterExplorer] [39m[32mMapped {/inventory/movements/:id/reversal, POST} route[39m[38;5;3m +0ms[39m
[32m[Nest] 13844  - [39m29/05/2026, 10:57:30 [32m    LOG[39m [38;5;3m[RouterExplorer] [39m[32mMapped {/inventory/reversals/:id/approve, POST} route[39m[38;5;3m +0ms[39m
[32m[Nest] 13844  - [39m29/05/2026, 10:57:30 [32m    LOG[39m [38;5;3m[RouterExplorer] [39m[32mMapped {/inventory/approvals/pending, GET} route[39m[38;5;3m +1ms[39m
[32m[Nest] 13844  - [39m29/05/2026, 10:57:30 [32m    LOG[39m [38;5;3m[RouterExplorer] [39m[32mMapped {/inventory/stats, GET} route[39m[38;5;3m +0ms[39m
[32m[Nest] 13844  - [39m29/05/2026, 10:57:30 [32m    LOG[39m [38;5;3m[RouterExplorer] [39m[32mMapped {/inventory/movements, GET} route[39m[38;5;3m +0ms[39m
[32m[Nest] 13844  - [39m29/05/2026, 10:57:30 [32m    LOG[39m [38;5;3m[RouterExplorer] [39m[32mMapped {/inventory/balances, GET} route[39m[38;5;3m +0ms[39m
[32m[Nest] 13844  - [39m29/05/2026, 10:57:30 [32m    LOG[39m [38;5;3m[RouterExplorer] [39m[32mMapped {/inventory/movement-types, GET} route[39m[38;5;3m +0ms[39m
[32m[Nest] 13844  - [39m29/05/2026, 10:57:30 [32m    LOG[39m [38;5;3m[RouterExplorer] [39m[32mMapped {/inventory/movement-types, POST} route[39m[38;5;3m +1ms[39m
[32m[Nest] 13844  - [39m29/05/2026, 10:57:30 [32m    LOG[39m [38;5;3m[RouterExplorer] [39m[32mMapped {/inventory/movement-types/:id, PUT} route[39m[38;5;3m +0ms[39m
[32m[Nest] 13844  - [39m29/05/2026, 10:57:30 [32m    LOG[39m [38;5;3m[RouterExplorer] [39m[32mMapped {/inventory/movement-types/:id, DELETE} route[39m[38;5;3m +0ms[39m
[32m[Nest] 13844  - [39m29/05/2026, 10:57:30 [32m    LOG[39m [38;5;3m[RoutesResolver] [39m[32mClientsController {/clients}:[39m[38;5;3m +0ms[39m
[32m[Nest] 13844  - [39m29/05/2026, 10:57:30 [32m    LOG[39m [38;5;3m[RouterExplorer] [39m[32mMapped {/clients/login, POST} route[39m[38;5;3m +0ms[39m
[32m[Nest] 13844  - [39m29/05/2026, 10:57:30 [32m    LOG[39m [38;5;3m[RouterExplorer] [39m[32mMapped {/clients/companies/search, GET} route[39m[38;5;3m +0ms[39m
[32m[Nest] 13844  - [39m29/05/2026, 10:57:30 [32m    LOG[39m [38;5;3m[RouterExplorer] [39m[32mMapped {/clients/companies/:companyId/projects-public, GET} route[39m[38;5;3m +1ms[39m
[32m[Nest] 13844  - [39m29/05/2026, 10:57:30 [32m    LOG[39m [38;5;3m[RouterExplorer] [39m[32mMapped {/clients/contractors, GET} route[39m[38;5;3m +0ms[39m
[32m[Nest] 13844  - [39m29/05/2026, 10:57:30 [32m    LOG[39m [38;5;3m[RouterExplorer] [39m[32mMapped {/clients/contractors/:id, PUT} route[39m[38;5;3m +0ms[39m
[32m[Nest] 13844  - [39m29/05/2026, 10:57:30 [32m    LOG[39m [38;5;3m[RouterExplorer] [39m[32mMapped {/clients/contractors/:id, DELETE} route[39m[38;5;3m +0ms[39m
[32m[Nest] 13844  - [39m29/05/2026, 10:57:30 [32m    LOG[39m [38;5;3m[RouterExplorer] [39m[32mMapped {/clients/companies, GET} route[39m[38;5;3m +0ms[39m
[32m[Nest] 13844  - [39m29/05/2026, 10:57:30 [32m    LOG[39m [38;5;3m[RouterExplorer] [39m[32mMapped {/clients/companies/:id, GET} route[39m[38;5;3m +0ms[39m
[32m[Nest] 13844  - [39m29/05/2026, 10:57:30 [32m    LOG[39m [38;5;3m[RouterExplorer] [39m[32mMapped {/clients/companies, POST} route[39m[38;5;3m +1ms[39m
[32m[Nest] 13844  - [39m29/05/2026, 10:57:30 [32m    LOG[39m [38;5;3m[RouterExplorer] [39m[32mMapped {/clients/companies/:id, PUT} route[39m[38;5;3m +0ms[39m
[32m[Nest] 13844  - [39m29/05/2026, 10:57:30 [32m    LOG[39m [38;5;3m[RouterExplorer] [39m[32mMapped {/clients/companies/:id, DELETE} route[39m[38;5;3m +0ms[39m
[32m[Nest] 13844  - [39m29/05/2026, 10:57:30 [32m    LOG[39m [38;5;3m[RouterExplorer] [39m[32mMapped {/clients/companies/:companyId/projects, GET} route[39m[38;5;3m +0ms[39m
[32m[Nest] 13844  - [39m29/05/2026, 10:57:30 [32m    LOG[39m [38;5;3m[RouterExplorer] [39m[32mMapped {/clients/companies/:companyId/projects, POST} route[39m[38;5;3m +0ms[39m
[32m[Nest] 13844  - [39m29/05/2026, 10:57:30 [32m    LOG[39m [38;5;3m[RouterExplorer] [39m[32mMapped {/clients/projects/:id, PUT} route[39m[38;5;3m +1ms[39m
[32m[Nest] 13844  - [39m29/05/2026, 10:57:30 [32m    LOG[39m [38;5;3m[RouterExplorer] [39m[32mMapped {/clients/projects/:id, DELETE} route[39m[38;5;3m +0ms[39m
[32m[Nest] 13844  - [39m29/05/2026, 10:57:30 [32m    LOG[39m [38;5;3m[RouterExplorer] [39m[32mMapped {/clients/users, GET} route[39m[38;5;3m +0ms[39m
[32m[Nest] 13844  - [39m29/05/2026, 10:57:30 [32m    LOG[39m [38;5;3m[RouterExplorer] [39m[32mMapped {/clients/users, POST} route[39m[38;5;3m +0ms[39m
[32m[Nest] 13844  - [39m29/05/2026, 10:57:30 [32m    LOG[39m [38;5;3m[RoutesResolver] [39m[32mTicketsController {/tickets}:[39m[38;5;3m +0ms[39m
[32m[Nest] 13844  - [39m29/05/2026, 10:57:30 [32m    LOG[39m [38;5;3m[RouterExplorer] [39m[32mMapped {/tickets, GET} route[39m[38;5;3m +0ms[39m
[32m[Nest] 13844  - [39m29/05/2026, 10:57:30 [32m    LOG[39m [38;5;3m[RouterExplorer] [39m[32mMapped {/tickets/internal-users, GET} route[39m[38;5;3m +1ms[39m
[32m[Nest] 13844  - [39m29/05/2026, 10:57:30 [32m    LOG[39m [38;5;3m[RouterExplorer] [39m[32mMapped {/tickets/my-internal, GET} route[39m[38;5;3m +0ms[39m
[32m[Nest] 13844  - [39m29/05/2026, 10:57:30 [32m    LOG[39m [38;5;3m[RouterExplorer] [39m[32mMapped {/tickets/my-internal/pending-rating, GET} route[39m[38;5;3m +0ms[39m
[32m[Nest] 13844  - [39m29/05/2026, 10:57:30 [32m    LOG[39m [38;5;3m[RouterExplorer] [39m[32mMapped {/tickets/internal, POST} route[39m[38;5;3m +0ms[39m
[32m[Nest] 13844  - [39m29/05/2026, 10:57:30 [32m    LOG[39m [38;5;3m[RouterExplorer] [39m[32mMapped {/tickets/:id, GET} route[39m[38;5;3m +1ms[39m
[32m[Nest] 13844  - [39m29/05/2026, 10:57:30 [32m    LOG[39m [38;5;3m[RouterExplorer] [39m[32mMapped {/tickets, POST} route[39m[38;5;3m +0ms[39m
[32m[Nest] 13844  - [39m29/05/2026, 10:57:30 [32m    LOG[39m [38;5;3m[RouterExplorer] [39m[32mMapped {/tickets/:id/assign, PUT} route[39m[38;5;3m +0ms[39m
[32m[Nest] 13844  - [39m29/05/2026, 10:57:30 [32m    LOG[39m [38;5;3m[RouterExplorer] [39m[32mMapped {/tickets/:id/assign-with-pin, PUT} route[39m[38;5;3m +0ms[39m
[32m[Nest] 13844  - [39m29/05/2026, 10:57:30 [32m    LOG[39m [38;5;3m[RouterExplorer] [39m[32mMapped {/tickets/:id/close-with-pin, PUT} route[39m[38;5;3m +0ms[39m
[32m[Nest] 13844  - [39m29/05/2026, 10:57:30 [32m    LOG[39m [38;5;3m[RouterExplorer] [39m[32mMapped {/tickets/:id/reassign, PUT} route[39m[38;5;3m +1ms[39m
[32m[Nest] 13844  - [39m29/05/2026, 10:57:30 [32m    LOG[39m [38;5;3m[RouterExplorer] [39m[32mMapped {/tickets/:id/status, PUT} route[39m[38;5;3m +0ms[39m
[32m[Nest] 13844  - [39m29/05/2026, 10:57:30 [32m    LOG[39m [38;5;3m[RouterExplorer] [39m[32mMapped {/tickets/:id/messages, POST} route[39m[38;5;3m +0ms[39m
[32m[Nest] 13844  - [39m29/05/2026, 10:57:30 [32m    LOG[39m [38;5;3m[RouterExplorer] [39m[32mMapped {/tickets/my-internal/:id/messages, POST} route[39m[38;5;3m +0ms[39m
[32m[Nest] 13844  - [39m29/05/2026, 10:57:30 [32m    LOG[39m [38;5;3m[RouterExplorer] [39m[32mMapped {/tickets/my-internal/:id/rating, POST} route[39m[38;5;3m +1ms[39m
[32m[Nest] 13844  - [39m29/05/2026, 10:57:30 [32m    LOG[39m [38;5;3m[RoutesResolver] [39m[32mClientTicketsController {/client/tickets}:[39m[38;5;3m +0ms[39m
[32m[Nest] 13844  - [39m29/05/2026, 10:57:30 [32m    LOG[39m [38;5;3m[RouterExplorer] [39m[32mMapped {/client/tickets/current, GET} route[39m[38;5;3m +0ms[39m
[32m[Nest] 13844  - [39m29/05/2026, 10:57:30 [32m    LOG[39m [38;5;3m[RouterExplorer] [39m[32mMapped {/client/tickets, GET} route[39m[38;5;3m +0ms[39m
[32m[Nest] 13844  - [39m29/05/2026, 10:57:30 [32m    LOG[39m [38;5;3m[RouterExplorer] [39m[32mMapped {/client/tickets/:id, GET} route[39m[38;5;3m +0ms[39m
[32m[Nest] 13844  - [39m29/05/2026, 10:57:30 [32m    LOG[39m [38;5;3m[RouterExplorer] [39m[32mMapped {/client/tickets, POST} route[39m[38;5;3m +1ms[39m
[32m[Nest] 13844  - [39m29/05/2026, 10:57:30 [32m    LOG[39m [38;5;3m[RouterExplorer] [39m[32mMapped {/client/tickets/:id/attachments, POST} route[39m[38;5;3m +0ms[39m
[32m[Nest] 13844  - [39m29/05/2026, 10:57:30 [32m    LOG[39m [38;5;3m[RoutesResolver] [39m[32mMaintenanceController {/maintenance}:[39m[38;5;3m +0ms[39m
[32m[Nest] 13844  - [39m29/05/2026, 10:57:30 [32m    LOG[39m [38;5;3m[RouterExplorer] [39m[32mMapped {/maintenance/my-orders, GET} route[39m[38;5;3m +0ms[39m
[32m[Nest] 13844  - [39m29/05/2026, 10:57:30 [32m    LOG[39m [38;5;3m[RouterExplorer] [39m[32mMapped {/maintenance, GET} route[39m[38;5;3m +0ms[39m
[32m[Nest] 13844  - [39m29/05/2026, 10:57:30 [32m    LOG[39m [38;5;3m[RouterExplorer] [39m[32mMapped {/maintenance/:id, GET} route[39m[38;5;3m +0ms[39m
[32m[Nest] 13844  - [39m29/05/2026, 10:57:30 [32m    LOG[39m [38;5;3m[RouterExplorer] [39m[32mMapped {/maintenance, POST} route[39m[38;5;3m +1ms[39m
[32m[Nest] 13844  - [39m29/05/2026, 10:57:30 [32m    LOG[39m [38;5;3m[RouterExplorer] [39m[32mMapped {/maintenance/:id/status, PUT} route[39m[38;5;3m +0ms[39m
[32m[Nest] 13844  - [39m29/05/2026, 10:57:30 [32m    LOG[39m [38;5;3m[RouterExplorer] [39m[32mMapped {/maintenance/:id/form-data, PUT} route[39m[38;5;3m +0ms[39m
[32m[Nest] 13844  - [39m29/05/2026, 10:57:30 [32m    LOG[39m [38;5;3m[RouterExplorer] [39m[32mMapped {/maintenance/:id/attachments, POST} route[39m[38;5;3m +0ms[39m
[32m[Nest] 13844  - [39m29/05/2026, 10:57:30 [32m    LOG[39m [38;5;3m[RouterExplorer] [39m[32mMapped {/maintenance/:id/attachments, GET} route[39m[38;5;3m +0ms[39m
[32m[Nest] 13844  - [39m29/05/2026, 10:57:30 [32m    LOG[39m [38;5;3m[RouterExplorer] [39m[32mMapped {/maintenance/:id/attachments/:attachmentId/file, GET} route[39m[38;5;3m +1ms[39m
[32m[Nest] 13844  - [39m29/05/2026, 10:57:30 [32m    LOG[39m [38;5;3m[RouterExplorer] [39m[32mMapped {/maintenance/:id/attachments/:attachmentId, DELETE} route[39m[38;5;3m +0ms[39m
[32m[Nest] 13844  - [39m29/05/2026, 10:57:30 [32m    LOG[39m [38;5;3m[RoutesResolver] [39m[32mContractorMaintenanceController {/contractor/maintenance}:[39m[38;5;3m +2ms[39m
[32m[Nest] 13844  - [39m29/05/2026, 10:57:30 [32m    LOG[39m [38;5;3m[RouterExplorer] [39m[32mMapped {/contractor/maintenance, GET} route[39m[38;5;3m +0ms[39m
[32m[Nest] 13844  - [39m29/05/2026, 10:57:30 [32m    LOG[39m [38;5;3m[RouterExplorer] [39m[32mMapped {/contractor/maintenance/:id, GET} route[39m[38;5;3m +0ms[39m
[32m[Nest] 13844  - [39m29/05/2026, 10:57:30 [32m    LOG[39m [38;5;3m[RouterExplorer] [39m[32mMapped {/contractor/maintenance, POST} route[39m[38;5;3m +0ms[39m
[32m[Nest] 13844  - [39m29/05/2026, 10:57:30 [32m    LOG[39m [38;5;3m[RouterExplorer] [39m[32mMapped {/contractor/maintenance/:id/form-data, PUT} route[39m[38;5;3m +1ms[39m
[32m[Nest] 13844  - [39m29/05/2026, 10:57:30 [32m    LOG[39m [38;5;3m[RouterExplorer] [39m[32mMapped {/contractor/maintenance/:id/status, PUT} route[39m[38;5;3m +0ms[39m
[32m[Nest] 13844  - [39m29/05/2026, 10:57:30 [32m    LOG[39m [38;5;3m[RouterExplorer] [39m[32mMapped {/contractor/maintenance/:id/attachments, POST} route[39m[38;5;3m +0ms[39m
[32m[Nest] 13844  - [39m29/05/2026, 10:57:30 [32m    LOG[39m [38;5;3m[RouterExplorer] [39m[32mMapped {/contractor/maintenance/:id/attachments, GET} route[39m[38;5;3m +0ms[39m
[32m[Nest] 13844  - [39m29/05/2026, 10:57:30 [32m    LOG[39m [38;5;3m[RouterExplorer] [39m[32mMapped {/contractor/maintenance/:id/attachments/:attachmentId/file, GET} route[39m[38;5;3m +0ms[39m
[32m[Nest] 13844  - [39m29/05/2026, 10:57:30 [32m    LOG[39m [38;5;3m[RouterExplorer] [39m[32mMapped {/contractor/maintenance/:id/attachments/:attachmentId, DELETE} route[39m[38;5;3m +1ms[39m
[32m[Nest] 13844  - [39m29/05/2026, 10:57:30 [32m    LOG[39m [38;5;3m[RoutesResolver] [39m[32mPurchasesController {/purchases}:[39m[38;5;3m +0ms[39m
[32m[Nest] 13844  - [39m29/05/2026, 10:57:30 [32m    LOG[39m [38;5;3m[RouterExplorer] [39m[32mMapped {/purchases, GET} route[39m[38;5;3m +0ms[39m
[32m[Nest] 13844  - [39m29/05/2026, 10:57:30 [32m    LOG[39m [38;5;3m[RouterExplorer] [39m[32mMapped {/purchases/:id, GET} route[39m[38;5;3m +0ms[39m
[32m[Nest] 13844  - [39m29/05/2026, 10:57:30 [32m    LOG[39m [38;5;3m[RouterExplorer] [39m[32mMapped {/purchases, POST} route[39m[38;5;3m +0ms[39m
[32m[Nest] 13844  - [39m29/05/2026, 10:57:30 [32m    LOG[39m [38;5;3m[RouterExplorer] [39m[32mMapped {/purchases/:id/status, PUT} route[39m[38;5;3m +0ms[39m
[32m[Nest] 13844  - [39m29/05/2026, 10:57:30 [32m    LOG[39m [38;5;3m[RouterExplorer] [39m[32mMapped {/purchases/:id/receive, POST} route[39m[38;5;3m +1ms[39m
[32m[Nest] 13844  - [39m29/05/2026, 10:57:30 [32m    LOG[39m [38;5;3m[RoutesResolver] [39m[32mLabelsController {/labels}:[39m[38;5;3m +0ms[39m
[32m[Nest] 13844  - [39m29/05/2026, 10:57:30 [32m    LOG[39m [38;5;3m[RouterExplorer] [39m[32mMapped {/labels/print, POST} route[39m[38;5;3m +0ms[39m
[32m[Nest] 13844  - [39m29/05/2026, 10:57:30 [32m    LOG[39m [38;5;3m[RouterExplorer] [39m[32mMapped {/labels/print-batch, POST} route[39m[38;5;3m +0ms[39m
[32m[Nest] 13844  - [39m29/05/2026, 10:57:30 [32m    LOG[39m [38;5;3m[RouterExplorer] [39m[32mMapped {/labels/history, GET} route[39m[38;5;3m +0ms[39m
[32m[Nest] 13844  - [39m29/05/2026, 10:57:30 [32m    LOG[39m [38;5;3m[RouterExplorer] [39m[32mMapped {/labels/data/:assetId, GET} route[39m[38;5;3m +1ms[39m
[32m[Nest] 13844  - [39m29/05/2026, 10:57:30 [32m    LOG[39m [38;5;3m[RouterExplorer] [39m[32mMapped {/labels/templates, GET} route[39m[38;5;3m +0ms[39m
[32m[Nest] 13844  - [39m29/05/2026, 10:57:30 [32m    LOG[39m [38;5;3m[RouterExplorer] [39m[32mMapped {/labels/templates, POST} route[39m[38;5;3m +0ms[39m
[32m[Nest] 13844  - [39m29/05/2026, 10:57:30 [32m    LOG[39m [38;5;3m[RouterExplorer] [39m[32mMapped {/labels/templates/:id, PUT} route[39m[38;5;3m +0ms[39m
[32m[Nest] 13844  - [39m29/05/2026, 10:57:30 [32m    LOG[39m [38;5;3m[RouterExplorer] [39m[32mMapped {/labels/templates/:id, DELETE} route[39m[38;5;3m +0ms[39m
[32m[Nest] 13844  - [39m29/05/2026, 10:57:30 [32m    LOG[39m [38;5;3m[RoutesResolver] [39m[32mRegistrationController {/register}:[39m[38;5;3m +0ms[39m
[32m[Nest] 13844  - [39m29/05/2026, 10:57:30 [32m    LOG[39m [38;5;3m[RouterExplorer] [39m[32mMapped {/register/client, POST} route[39m[38;5;3m +1ms[39m
[32m[Nest] 13844  - [39m29/05/2026, 10:57:30 [32m    LOG[39m [38;5;3m[RouterExplorer] [39m[32mMapped {/register/contractor, POST} route[39m[38;5;3m +0ms[39m
[32m[Nest] 13844  - [39m29/05/2026, 10:57:30 [32m    LOG[39m [38;5;3m[RouterExplorer] [39m[32mMapped {/register/contractor/login, POST} route[39m[38;5;3m +0ms[39m
[32m[Nest] 13844  - [39m29/05/2026, 10:57:30 [32m    LOG[39m [38;5;3m[RoutesResolver] [39m[32mProductExitsController {/product-exits}:[39m[38;5;3m +0ms[39m
[32m[Nest] 13844  - [39m29/05/2026, 10:57:30 [32m    LOG[39m [38;5;3m[RouterExplorer] [39m[32mMapped {/product-exits, POST} route[39m[38;5;3m +0ms[39m
[32m[Nest] 13844  - [39m29/05/2026, 10:57:30 [32m    LOG[39m [38;5;3m[RouterExplorer] [39m[32mMapped {/product-exits, GET} route[39m[38;5;3m +0ms[39m
[32m[Nest] 13844  - [39m29/05/2026, 10:57:30 [32m    LOG[39m [38;5;3m[RouterExplorer] [39m[32mMapped {/product-exits/report, GET} route[39m[38;5;3m +0ms[39m
[32m[Nest] 13844  - [39m29/05/2026, 10:57:30 [32m    LOG[39m [38;5;3m[RouterExplorer] [39m[32mMapped {/product-exits/summary, GET} route[39m[38;5;3m +1ms[39m
[32m[Nest] 13844  - [39m29/05/2026, 10:57:30 [32m    LOG[39m [38;5;3m[RoutesResolver] [39m[32mFollowupsController {/followups}:[39m[38;5;3m +0ms[39m
[32m[Nest] 13844  - [39m29/05/2026, 10:57:30 [32m    LOG[39m [38;5;3m[RouterExplorer] [39m[32mMapped {/followups, GET} route[39m[38;5;3m +0ms[39m
[32m[Nest] 13844  - [39m29/05/2026, 10:57:30 [32m    LOG[39m [38;5;3m[RouterExplorer] [39m[32mMapped {/followups/:id, GET} route[39m[38;5;3m +0ms[39m
[32m[Nest] 13844  - [39m29/05/2026, 10:57:30 [32m    LOG[39m [38;5;3m[RouterExplorer] [39m[32mMapped {/followups, POST} route[39m[38;5;3m +0ms[39m
[32m[Nest] 13844  - [39m29/05/2026, 10:57:30 [32m    LOG[39m [38;5;3m[RouterExplorer] [39m[32mMapped {/followups/:id, PUT} route[39m[38;5;3m +0ms[39m
[32m[Nest] 13844  - [39m29/05/2026, 10:57:30 [32m    LOG[39m [38;5;3m[RouterExplorer] [39m[32mMapped {/followups/:id/status, PUT} route[39m[38;5;3m +1ms[39m
[32m[Nest] 13844  - [39m29/05/2026, 10:57:30 [32m    LOG[39m [38;5;3m[RouterExplorer] [39m[32mMapped {/followups/:id, DELETE} route[39m[38;5;3m +0ms[39m
[32m[Nest] 13844  - [39m29/05/2026, 10:57:30 [32m    LOG[39m [38;5;3m[RouterExplorer] [39m[32mMapped {/followups/:id/blocks, POST} route[39m[38;5;3m +0ms[39m
[32m[Nest] 13844  - [39m29/05/2026, 10:57:30 [32m    LOG[39m [38;5;3m[RouterExplorer] [39m[32mMapped {/followups/:id/blocks/:blockId, PUT} route[39m[38;5;3m +0ms[39m
[32m[Nest] 13844  - [39m29/05/2026, 10:57:30 [32m    LOG[39m [38;5;3m[RouterExplorer] [39m[32mMapped {/followups/:id/blocks/:blockId, DELETE} route[39m[38;5;3m +0ms[39m
[32m[Nest] 13844  - [39m29/05/2026, 10:57:30 [32m    LOG[39m [38;5;3m[RouterExplorer] [39m[32mMapped {/followups/:id/blocks/:blockId/attachments, POST} route[39m[38;5;3m +0ms[39m
[32m[Nest] 13844  - [39m29/05/2026, 10:57:30 [32m    LOG[39m [38;5;3m[RouterExplorer] [39m[32mMapped {/followups/:id/blocks/:blockId/attachments/:attId/file, GET} route[39m[38;5;3m +1ms[39m
[32m[Nest] 13844  - [39m29/05/2026, 10:57:30 [32m    LOG[39m [38;5;3m[RouterExplorer] [39m[32mMapped {/followups/:id/blocks/:blockId/attachments/:attId, DELETE} route[39m[38;5;3m +0ms[39m
[32m[Nest] 13844  - [39m29/05/2026, 10:57:30 [32m    LOG[39m [38;5;3m[RouterExplorer] [39m[32mMapped {/followups/:id/blocks/:blockId/checklist, POST} route[39m[38;5;3m +0ms[39m
[32m[Nest] 13844  - [39m29/05/2026, 10:57:30 [32m    LOG[39m [38;5;3m[RouterExplorer] [39m[32mMapped {/followups/:id/blocks/:blockId/checklist/:itemId, PUT} route[39m[38;5;3m +0ms[39m
[32m[Nest] 13844  - [39m29/05/2026, 10:57:30 [32m    LOG[39m [38;5;3m[RouterExplorer] [39m[32mMapped {/followups/:id/blocks/:blockId/checklist/:itemId, DELETE} route[39m[38;5;3m +0ms[39m
[32m[Nest] 13844  - [39m29/05/2026, 10:57:30 [32m    LOG[39m [38;5;3m[RouterExplorer] [39m[32mMapped {/followups/:id/blocks/:blockId/comments, POST} route[39m[38;5;3m +0ms[39m
[32m[Nest] 13844  - [39m29/05/2026, 10:57:30 [32m    LOG[39m [38;5;3m[RouterExplorer] [39m[32mMapped {/followups/:id/history, GET} route[39m[38;5;3m +1ms[39m
[32m[Nest] 13844  - [39m29/05/2026, 10:57:30 [32m    LOG[39m [38;5;3m[RoutesResolver] [39m[32mScheduleController {/schedule}:[39m[38;5;3m +0ms[39m
[32m[Nest] 13844  - [39m29/05/2026, 10:57:30 [32m    LOG[39m [38;5;3m[RouterExplorer] [39m[32mMapped {/schedule/installers, GET} route[39m[38;5;3m +0ms[39m
[32m[Nest] 13844  - [39m29/05/2026, 10:57:30 [32m    LOG[39m [38;5;3m[RouterExplorer] [39m[32mMapped {/schedule/installers/:userId, PUT} route[39m[38;5;3m +0ms[39m
[32m[Nest] 13844  - [39m29/05/2026, 10:57:30 [32m    LOG[39m [38;5;3m[RouterExplorer] [39m[32mMapped {/schedule, GET} route[39m[38;5;3m +0ms[39m
[32m[Nest] 13844  - [39m29/05/2026, 10:57:30 [32m    LOG[39m [38;5;3m[RouterExplorer] [39m[32mMapped {/schedule/conflicts, GET} route[39m[38;5;3m +0ms[39m
[32m[Nest] 13844  - [39m29/05/2026, 10:57:30 [32m    LOG[39m [38;5;3m[RouterExplorer] [39m[32mMapped {/schedule/:id, GET} route[39m[38;5;3m +1ms[39m
[32m[Nest] 13844  - [39m29/05/2026, 10:57:30 [32m    LOG[39m [38;5;3m[RouterExplorer] [39m[32mMapped {/schedule, POST} route[39m[38;5;3m +0ms[39m
[32m[Nest] 13844  - [39m29/05/2026, 10:57:30 [32m    LOG[39m [38;5;3m[RouterExplorer] [39m[32mMapped {/schedule/:id, PUT} route[39m[38;5;3m +0ms[39m
[32m[Nest] 13844  - [39m29/05/2026, 10:57:30 [32m    LOG[39m [38;5;3m[RouterExplorer] [39m[32mMapped {/schedule/:id, DELETE} route[39m[38;5;3m +0ms[39m
[32m[Nest] 13844  - [39m29/05/2026, 10:57:30 [32m    LOG[39m [38;5;3m[NestApplication] [39m[32mNest application successfully started[39m[38;5;3m +208ms[39m
🚀 Zyllen API running on http://localhost:3001
